Using pre-set license
Built from '2020.3/release' branch; Version is '2020.3.12f1 (b3b2c6512326) revision 11776710'; Using compiler version '192528614'; Build Type 'Release'
OS: 'Windows 10 Home; OS build 22621.1555; Version 2009; 64bit' Language: 'en' Physical Memory: 16297 MB
BatchMode: 1, IsHumanControllingUs: 0, StartBugReporterOnCrash: 0, Is64bit: 1, IsPro: 0

 COMMAND LINE ARGUMENTS:
C:\Program Files\Unity\2020.3.12f1\Editor\Unity.exe
-adb2
-batchMode
-noUpm
-name
AssetImportWorker0
-projectPath
D:/UnityProjects/PeePeePooPoo
-logFile
Logs/AssetImportWorker0.log
-srvPort
50322
Successfully changed project path to: D:/UnityProjects/PeePeePooPoo
D:/UnityProjects/PeePeePooPoo
Using Asset Import Pipeline V2.
Refreshing native plugins compatible for Editor in 24.66 ms, found 2 plugins.
Preloading 0 native plugins for Editor in 0.00 ms.
Initialize engine version: 2020.3.12f1 (b3b2c6512326)
[Subsystems] Discovering subsystems at path C:/Program Files/Unity/2020.3.12f1/Editor/Data/Resources/UnitySubsystems
[Subsystems] Discovering subsystems at path D:/UnityProjects/PeePeePooPoo/Assets
GfxDevice: creating device client; threaded=0
Direct3D:
    Version:  Direct3D 11.0 [level 11.1]
    Renderer: NVIDIA GeForce RTX 2060 (ID=0x1f08)
    Vendor:   
    VRAM:     5968 MB
    Driver:   31.0.15.2802
Initialize mono
Mono path[0] = 'C:/Program Files/Unity/2020.3.12f1/Editor/Data/Managed'
Mono path[1] = 'C:/Program Files/Unity/2020.3.12f1/Editor/Data/MonoBleedingEdge/lib/mono/unityjit'
Mono config path = 'C:/Program Files/Unity/2020.3.12f1/Editor/Data/MonoBleedingEdge/etc'
Using monoOptions --debugger-agent=transport=dt_socket,embedding=1,server=y,suspend=n,address=127.0.0.1:56976
Begin MonoManager ReloadAssembly
Registering precompiled unity dll's ...
Register platform support module: C:/Program Files/Unity/2020.3.12f1/Editor/Data/PlaybackEngines/WindowsStandaloneSupport/UnityEditor.WindowsStandalone.Extensions.dll
Registered in 0.001229 seconds.
Native extension for WindowsStandalone target not found
Refreshing native plugins compatible for Editor in 23.91 ms, found 2 plugins.
Preloading 0 native plugins for Editor in 0.00 ms.
Mono: successfully reloaded assembly
- Completed reload, in  1.030 seconds
Platform modules already initialized, skipping
Registering precompiled user dll's ...
Registered in 0.002752 seconds.
Begin MonoManager ReloadAssembly
Native extension for WindowsStandalone target not found
Refreshing native plugins compatible for Editor in 0.29 ms, found 2 plugins.
Preloading 0 native plugins for Editor in 0.00 ms.
Mono: successfully reloaded assembly
- Completed reload, in  0.850 seconds
Platform modules already initialized, skipping
========================================================================
Worker process is ready to serve import requests
Launched and connected shader compiler UnityShaderCompiler.exe after 0.04 seconds
Refreshing native plugins compatible for Editor in 0.30 ms, found 2 plugins.
Preloading 0 native plugins for Editor in 0.00 ms.
Unloading 1386 Unused Serialized files (Serialized files now loaded: 0)
System memory in use before: 64.7 MB.
System memory in use after: 64.7 MB.

Unloading 19 unused Assets to reduce memory usage. Loaded Objects now: 1819.
Total: 1.796900 ms (FindLiveObjects: 0.181100 ms CreateObjectMapping: 0.033000 ms MarkObjects: 1.510400 ms  DeleteObjects: 0.071200 ms)

AssetImportParameters requested are different than current active one (requested -> active):
  custom:framework-win-MediaFoundation: 216162199b28c13a410421893ffa2e32 -> 
  custom:video-decoder-ogg-theora: a1e56fd34408186e4bbccfd4996cb3dc -> 
  custom:container-muxer-webm: aa71ff27fc2769a1b78a27578f13a17b -> 
  custom:container-demuxer-webm: 4f35f7cbe854078d1ac9338744f61a02 -> 
  custom:container-demuxer-ogg: 62fdf1f143b41e24485cea50d1cbac27 -> 
  custom:video-encoder-webm-vp8: eb34c28f22e8b96e1ab97ce403110664 -> 
  custom:video-codec-MediaFoundation-h265: 746d11721c4dcdbdad8f713fa42b33f4 -> 
  custom:video-decoder-webm-vp8: 9c59270c3fd7afecdb556c50c9e8de78 -> 
  custom:audio-decoder-ogg-vorbis: bf7c407c2cedff20999df2af8eb42d56 -> 
  custom:audio-encoder-webm-vorbis: bf7c407c2cedff20999df2af8eb42d56 -> 
========================================================================
Received Import Request.
  path: Assets
  artifactKey: Guid(00000000000000001000000000000000) Importer(815301076,1909f56bfc062723c751e8b465ee728b)
Start importing Assets using Guid(00000000000000001000000000000000) Importer(815301076,1909f56bfc062723c751e8b465ee728b)  -> (artifact id: '42d402b061de3733987d63b9cc3b64de') in 0.007151 seconds 
  Import took 0.021215 seconds .

========================================================================
Received Import Request.
  Time since last request: 1.667763 seconds.
  path: Assets/Scripts
  artifactKey: Guid(53b6dba214d6f52409abff6742cfdca3) Importer(815301076,1909f56bfc062723c751e8b465ee728b)
Start importing Assets/Scripts using Guid(53b6dba214d6f52409abff6742cfdca3) Importer(815301076,1909f56bfc062723c751e8b465ee728b)  -> (artifact id: '4561b98c2aa525a8c9cf17bb87b29bac') in 0.005039 seconds 
  Import took 0.007275 seconds .

========================================================================
Received Import Request.
  Time since last request: 7.702972 seconds.
  path: Assets/Art
  artifactKey: Guid(5bf4c9a150ccccc49a09e99b231cea87) Importer(815301076,1909f56bfc062723c751e8b465ee728b)
Start importing Assets/Art using Guid(5bf4c9a150ccccc49a09e99b231cea87) Importer(815301076,1909f56bfc062723c751e8b465ee728b)  -> (artifact id: 'b8cc24bf0c2f77f742d755a866ebf481') in 0.005204 seconds 
  Import took 0.038398 seconds .

========================================================================
Received Import Request.
  Time since last request: 405.345757 seconds.
  path: Assets/Art/Slime.obj
  artifactKey: Guid(cac2b7e9a7ad10c43b80e27d3cd5fc98) Importer(815301076,1909f56bfc062723c751e8b465ee728b)
Start importing Assets/Art/Slime.obj using Guid(cac2b7e9a7ad10c43b80e27d3cd5fc98) Importer(815301076,1909f56bfc062723c751e8b465ee728b)  -> (artifact id: '3eab87bcfcb2393943eccd19bc806a46') in 0.296512 seconds 
  Import took 0.316332 seconds .

========================================================================
Received Import Request.
  Time since last request: 3.557190 seconds.
  path: Assets/Art/Slime.fbx
  artifactKey: Guid(79574eeb613cade49a57a7715ba6357b) Importer(815301076,1909f56bfc062723c751e8b465ee728b)
Start importing Assets/Art/Slime.fbx using Guid(79574eeb613cade49a57a7715ba6357b) Importer(815301076,1909f56bfc062723c751e8b465ee728b)  -> (artifact id: '3594c2eb6e73c8fa7a54fbfd50bcd3f7') in 0.033412 seconds 
  Import took 0.036037 seconds .

========================================================================
Received Import Request.
  Time since last request: 47.910899 seconds.
  path: Assets/Art/3D Models
  artifactKey: Guid(4cbb859422059c645a5abac418b19cc0) Importer(815301076,1909f56bfc062723c751e8b465ee728b)
Start importing Assets/Art/3D Models using Guid(4cbb859422059c645a5abac418b19cc0) Importer(815301076,1909f56bfc062723c751e8b465ee728b)  -> (artifact id: '63f7cd9473e6184c130a0eae095046b4') in 0.005379 seconds 
  Import took 0.007880 seconds .

========================================================================
Received Import Request.
  Time since last request: 21.154462 seconds.
  path: Assets/Art/Slime.dxf
  artifactKey: Guid(b159739623e669148a60890cb58be543) Importer(815301076,1909f56bfc062723c751e8b465ee728b)
Start importing Assets/Art/Slime.dxf using Guid(b159739623e669148a60890cb58be543) Importer(815301076,1909f56bfc062723c751e8b465ee728b)  -> (artifact id: '8e27dfdc377c2a77b8ae1cfa610c3b01') in 0.031166 seconds 
  Import took 0.048636 seconds .

========================================================================
Received Import Request.
  Time since last request: 24.594550 seconds.
  path: Assets/Art/Slime.mqo
  artifactKey: Guid(ac68db5306f3291469e1adb35f8d6dc5) Importer(815301076,1909f56bfc062723c751e8b465ee728b)
Start importing Assets/Art/Slime.mqo using Guid(ac68db5306f3291469e1adb35f8d6dc5) Importer(815301076,1909f56bfc062723c751e8b465ee728b)  -> (artifact id: 'd65ef1feb0e0265e98cd1e41406846f3') in 0.003783 seconds 
  Import took 0.006268 seconds .

AssetImportWorkerClient::OnTransportError - code=2 error=End of file
